<?xml version="1.0" encoding="UTF-8"?>
<testsuite name="com.trading.ServerTest" tests="1" skipped="0" failures="0" errors="0" timestamp="2026-04-27T11:56:11.007Z" hostname="egor-LL5FAW" time="1.019">
  <properties/>
  <testcase name="test root endpoint" classname="com.trading.ServerTest" time="1.019"/>
  <system-out><![CDATA[2026-04-27 14:56:11.813 [DefaultDispatcher-worker-2 @call-context#3] INFO  io.ktor.test - No ktor.deployment.watch patterns specified, automatic reload is not active.
2026-04-27 14:56:11.941 [DefaultDispatcher-worker-2 @call-context#3] INFO  io.ktor.test - Application started in 0.14 seconds.
2026-04-27 14:56:11.944 [DefaultDispatcher-worker-1 @coroutine#5] INFO  io.ktor.test - Responding at http://localhost:80
2026-04-27 14:56:11.944 [DefaultDispatcher-worker-1 @coroutine#5] INFO  io.ktor.test - Responding at https://localhost:443
]]></system-out>
  <system-err><![CDATA[]]></system-err>
</testsuite>
